<?xml version="1.0" encoding="UTF-8"?>
<!-- Generated by org.testng.reporters.JUnitXMLReporter -->
<testsuite ignored="1" hostname="Jay" failures="0" tests="6" name="Test1" time="0.07" errors="0" timestamp="2023-04-09T19:11:03 IST">
  <testcase classname="Test.t1" name="c" time="0.015"/>
  <testcase classname="Test.t1" name="a" time="0.014"/>
  <testcase classname="Test.t2" name="school" time="0.003"/>
  <testcase classname="Test.t2" name="play" time="0.002"/>
  <testcase classname="Test.t1" name="c" time="0.003"/>
  <testcase classname="Test.t1" name="c" time="0.002"/>
  <testcase classname="Test.t1" name="b" time="0.0">
    <ignored/>
  </testcase> <!-- b -->
</testsuite> <!-- Test1 -->
