<?xml version="1.0" encoding="UTF-8"?>
<!-- Generated by org.testng.reporters.JUnitXMLReporter -->
<testsuite ignored="3" hostname="Jay" failures="0" tests="2" name="GRP-sanity" time="0.067" errors="0" timestamp="2023-04-09T19:07:47 IST">
  <testcase classname="Test.t2" name="play" time="0.008"/>
  <testcase classname="Test.t1" name="a" time="0.001"/>
  <testcase classname="Test.t1" name="c" time="0.0">
    <ignored/>
  </testcase> <!-- c -->
  <testcase classname="Test.t2" name="school" time="0.0">
    <ignored/>
  </testcase> <!-- school -->
  <testcase classname="Test.t1" name="b" time="0.0">
    <ignored/>
  </testcase> <!-- b -->
</testsuite> <!-- GRP-sanity -->
