<?xml version="1.0" encoding="UTF-8"?>
<testng-results ignored="1" total="7" passed="6" failed="0" skipped="0">
  <reporter-output>
  </reporter-output>
  <suite started-at="2023-04-09T19:11:03 IST" name="Suite1" finished-at="2023-04-09T19:11:03 IST" duration-ms="70">
    <groups>
      <group name="Regression">
        <method signature="t2.school()[pri:0, instance:Test.t2@4b0d79fc]" name="school" class="Test.t2"/>
      </group> <!-- Regression -->
      <group name="sanity">
        <method signature="t2.play()[pri:0, instance:Test.t2@4b0d79fc]" name="play" class="Test.t2"/>
        <method signature="t1.a()[pri:2, instance:Test.t1@13e344d]" name="a" class="Test.t1"/>
      </group> <!-- sanity -->
    </groups>
    <test started-at="2023-04-09T19:11:03 IST" name="Test1" finished-at="2023-04-09T19:11:03 IST" duration-ms="70">
      <class name="Test.t2">
        <test-method is-config="true" signature="collage()[pri:0, instance:Test.t2@4b0d79fc]" started-at="2023-04-09T19:11:03 IST" name="collage" finished-at="2023-04-09T19:11:03 IST" duration-ms="14" status="PASS">
          <reporter-output>
          </reporter-output>
        </test-method> <!-- collage -->
        <test-method is-config="true" signature="collage()[pri:0, instance:Test.t2@4b0d79fc]" started-at="2023-04-09T19:11:03 IST" name="collage" finished-at="2023-04-09T19:11:03 IST" duration-ms="13" status="PASS">
          <reporter-output>
          </reporter-output>
        </test-method> <!-- collage -->
        <test-method signature="school()[pri:0, instance:Test.t2@4b0d79fc]" started-at="2023-04-09T19:11:03 IST" name="school" finished-at="2023-04-09T19:11:03 IST" duration-ms="3" status="PASS">
          <reporter-output>
          </reporter-output>
        </test-method> <!-- school -->
        <test-method signature="play()[pri:0, instance:Test.t2@4b0d79fc]" started-at="2023-04-09T19:11:03 IST" name="play" finished-at="2023-04-09T19:11:03 IST" duration-ms="2" status="PASS">
          <reporter-output>
          </reporter-output>
        </test-method> <!-- play -->
      </class> <!-- Test.t2 -->
      <class name="Test.t1">
        <test-method signature="c()[pri:0, instance:Test.t1@13e344d]" started-at="2023-04-09T19:11:03 IST" name="c" finished-at="2023-04-09T19:11:03 IST" duration-ms="15" status="PASS">
          <reporter-output>
          </reporter-output>
        </test-method> <!-- c -->
        <test-method signature="a()[pri:2, instance:Test.t1@13e344d]" started-at="2023-04-09T19:11:03 IST" name="a" finished-at="2023-04-09T19:11:03 IST" duration-ms="14" status="PASS">
          <reporter-output>
          </reporter-output>
        </test-method> <!-- a -->
        <test-method signature="c()[pri:0, instance:Test.t1@13e344d]" started-at="2023-04-09T19:11:03 IST" name="c" finished-at="2023-04-09T19:11:03 IST" duration-ms="3" status="PASS">
          <reporter-output>
          </reporter-output>
        </test-method> <!-- c -->
        <test-method signature="c()[pri:0, instance:Test.t1@13e344d]" started-at="2023-04-09T19:11:03 IST" name="c" finished-at="2023-04-09T19:11:03 IST" duration-ms="2" status="PASS">
          <reporter-output>
          </reporter-output>
        </test-method> <!-- c -->
      </class> <!-- Test.t1 -->
    </test> <!-- Test1 -->
  </suite> <!-- Suite1 -->
</testng-results>
